<?xml version="1.0" encoding="UTF-8"?>
<!-- Generated by org.testng.reporters.JUnitReportReporter -->
<testsuite hostname="DESKTOP-4BFGHMU" failures="0" tests="1" name="karros_test.api_test.APITest" time="13.056" errors="0" timestamp="8 Dec 2019 13:31:17 GMT">
  <testcase classname="karros_test.api_test.APITest" name="getAPI" time="13.056"/>
</testsuite> <!-- karros_test.api_test.APITest -->
